Parse Users/ParseStarterProject/build/intermediates/manifest_merge_blame_file/debug/manifest-merger-blame-debug-report.txt
1<?xml version="1.0" encoding="utf-8"?>
2<!--
3  ~ Copyright (c) 2015-present, Parse, LLC.
4  ~ All rights reserved.
5  ~
6  ~ This source code is licensed under the BSD-style license found in the
7  ~ LICENSE file in the root directory of this source tree. An additional grant
8  ~ of patent rights can be found in the PATENTS file in the same directory.
9-->
10<manifest xmlns:android="http://schemas.android.com/apk/res/android"
11    package="com.parse.starter"
12    android:versionCode="1"
13    android:versionName="1.0" >
14
15    <uses-sdk
16        android:minSdkVersion="27"
16-->src/main/AndroidManifest.xml
17        android:targetSdkVersion="29" />
17-->src/main/AndroidManifest.xml
18
19    <uses-permission android:name="android.permission.INTERNET" />
19-->src/main/AndroidManifest.xml:13:5-67
19-->src/main/AndroidManifest.xml:13:22-64
20    <uses-permission android:name="android.permission.ACCESS_NETWORK_STATE" />
20-->src/main/AndroidManifest.xml:14:5-79
20-->src/main/AndroidManifest.xml:14:22-76
21
22    <application
22-->src/main/AndroidManifest.xml:16:5-38:19
23        android:name="com.parse.starter.StarterApplication"
23-->src/main/AndroidManifest.xml:17:9-43
24        android:allowBackup="true"
24-->src/main/AndroidManifest.xml:18:9-35
25        android:appComponentFactory="androidx.core.app.CoreComponentFactory"
25-->[androidx.core:core:1.1.0] AndroidManifest.xml:24:18-86
26        android:debuggable="true"
27        android:icon="@mipmap/ic_launcher"
27-->src/main/AndroidManifest.xml:19:9-43
28        android:label="@string/app_name"
28-->src/main/AndroidManifest.xml:20:9-41
29        android:theme="@style/AppTheme" >
29-->src/main/AndroidManifest.xml:21:9-40
30        <meta-data
30-->src/main/AndroidManifest.xml:22:9-24:52
31            android:name="com.parse.APPLICATION_ID"
31-->src/main/AndroidManifest.xml:23:13-52
32            android:value="@string/parse_app_id" />
32-->src/main/AndroidManifest.xml:24:13-49
33        <meta-data
33-->src/main/AndroidManifest.xml:25:9-27:56
34            android:name="com.parse.CLIENT_KEY"
34-->src/main/AndroidManifest.xml:26:13-48
35            android:value="@string/parse_client_key" />
35-->src/main/AndroidManifest.xml:27:13-53
36
37        <activity
37-->src/main/AndroidManifest.xml:29:9-37:20
38            android:name="com.parse.starter.MainActivity"
38-->src/main/AndroidManifest.xml:30:13-41
39            android:label="@string/app_name" >
39-->src/main/AndroidManifest.xml:31:13-45
40            <intent-filter>
40-->src/main/AndroidManifest.xml:32:13-36:29
41                <action android:name="android.intent.action.MAIN" />
41-->src/main/AndroidManifest.xml:33:17-69
41-->src/main/AndroidManifest.xml:33:25-66
42
43                <category android:name="android.intent.category.LAUNCHER" />
43-->src/main/AndroidManifest.xml:35:17-77
43-->src/main/AndroidManifest.xml:35:27-74
44            </intent-filter>
45        </activity>
46    </application>
47
48</manifest>